<?xml version="1.0" encoding="UTF-8"?>
<!-- Generated by org.testng.reporters.JUnitXMLReporter -->
<testsuite ignored="2" hostname="DESKTOP-1MMARS9" failures="4" tests="4" name="Surefire test" time="44.325" errors="0" timestamp="2025-04-11T15:27:57 IST">
  <testcase classname="Multiple_bid" name="OpenBrowser3" time="37.931">
    <failure type="com.microsoft.playwright.impl.TargetClosedError" message="Error {
  message=&amp;apos;Target page, context or browser has been closed
  name=&amp;apos;TargetClosedError
  stack=&amp;apos;TargetClosedError:Target page, context or browser has been closed
Error
    at captureRawStack (C:\Users\Clss-35\AppData\Local\Temp\playwright-java-12206253625801418893\package\lib\utils\stackTrace.js:49:17)
    at LongStandingScope._race (C:\Users\Clss-35\AppData\Local\Temp\playwright-java-12206253625801418893\package\lib\utils\manualPromise.js:91:52)
    at LongStandingScope.race (C:\Users\Clss-35\AppData\Local\Temp\playwright-java-12206253625801418893\package\lib\utils\manualPromise.js:84:17)
    at C:\Users\Clss-35\AppData\Local\Temp\playwright-java-12206253625801418893\package\lib\utils\manualPromise.js:81:43
    at Array.map (&amp;lt;anonymous&amp;gt;)
    at LongStandingScope.raceMultiple (C:\Users\Clss-35\AppData\Local\Temp\playwright-java-12206253625801418893\package\lib\utils\manualPromise.js:81:32)
    at Frame.retryWithProgressAndTimeouts (C:\Users\Clss-35\AppData\Local\Temp\playwright-java-12206253625801418893\package\lib\server\frames.js:919:40)
    at async C:\Users\Clss-35\AppData\Local\Temp\playwright-java-12206253625801418893\package\lib\server\frames.js:1008:29
    at async ProgressController.run (C:\Users\Clss-35\AppData\Local\Temp\playwright-java-12206253625801418893\package\lib\server\progress.js:82:22)
    at async FrameDispatcher.click (C:\Users\Clss-35\AppData\Local\Temp\playwright-java-12206253625801418893\package\lib\server\dispatchers\frameDispatcher.js:157:12)
    at async LongStandingScope._race (C:\Users\Clss-35\AppData\Local\Temp\playwright-java-12206253625801418893\package\lib\utils\manualPromise.js:96:14)
    at async FrameDispatcher._handleCommand (C:\Users\Clss-35\AppData\Local\Temp\playwright-java-12206253625801418893\package\lib\server\dispatchers\dispatcher.js:96:14)
    at async DispatcherConnection.dispatch (C:\Users\Clss-35\AppData\Local\Temp\playwright-java-12206253625801418893\package\lib\server\dispatchers\dispatcher.js:361:22)
}
Call log:
- waiting for getByRole(AriaRole.LINK, new Page.GetByRoleOptions().setName(&amp;quot;H7953&amp;quot;))
">
      <![CDATA[com.microsoft.playwright.impl.TargetClosedError: Error {
  message='Target page, context or browser has been closed
  name='TargetClosedError
  stack='TargetClosedError:Target page, context or browser has been closed
Error
    at captureRawStack (C:\Users\Clss-35\AppData\Local\Temp\playwright-java-12206253625801418893\package\lib\utils\stackTrace.js:49:17)
    at LongStandingScope._race (C:\Users\Clss-35\AppData\Local\Temp\playwright-java-12206253625801418893\package\lib\utils\manualPromise.js:91:52)
    at LongStandingScope.race (C:\Users\Clss-35\AppData\Local\Temp\playwright-java-12206253625801418893\package\lib\utils\manualPromise.js:84:17)
    at C:\Users\Clss-35\AppData\Local\Temp\playwright-java-12206253625801418893\package\lib\utils\manualPromise.js:81:43
    at Array.map (<anonymous>)
    at LongStandingScope.raceMultiple (C:\Users\Clss-35\AppData\Local\Temp\playwright-java-12206253625801418893\package\lib\utils\manualPromise.js:81:32)
    at Frame.retryWithProgressAndTimeouts (C:\Users\Clss-35\AppData\Local\Temp\playwright-java-12206253625801418893\package\lib\server\frames.js:919:40)
    at async C:\Users\Clss-35\AppData\Local\Temp\playwright-java-12206253625801418893\package\lib\server\frames.js:1008:29
    at async ProgressController.run (C:\Users\Clss-35\AppData\Local\Temp\playwright-java-12206253625801418893\package\lib\server\progress.js:82:22)
    at async FrameDispatcher.click (C:\Users\Clss-35\AppData\Local\Temp\playwright-java-12206253625801418893\package\lib\server\dispatchers\frameDispatcher.js:157:12)
    at async LongStandingScope._race (C:\Users\Clss-35\AppData\Local\Temp\playwright-java-12206253625801418893\package\lib\utils\manualPromise.js:96:14)
    at async FrameDispatcher._handleCommand (C:\Users\Clss-35\AppData\Local\Temp\playwright-java-12206253625801418893\package\lib\server\dispatchers\dispatcher.js:96:14)
    at async DispatcherConnection.dispatch (C:\Users\Clss-35\AppData\Local\Temp\playwright-java-12206253625801418893\package\lib\server\dispatchers\dispatcher.js:361:22)
}
Call log:
- waiting for getByRole(AriaRole.LINK, new Page.GetByRoleOptions().setName("H7953"))

at com.microsoft.playwright.impl.WaitableResult.get(WaitableResult.java:54)
at com.microsoft.playwright.impl.ChannelOwner.runUntil(ChannelOwner.java:120)
at com.microsoft.playwright.impl.Connection.sendMessage(Connection.java:130)
at com.microsoft.playwright.impl.ChannelOwner.sendMessage(ChannelOwner.java:106)
at com.microsoft.playwright.impl.FrameImpl.clickImpl(FrameImpl.java:252)
at com.microsoft.playwright.impl.FrameImpl.lambda$click$8(FrameImpl.java:243)
at com.microsoft.playwright.impl.LoggingSupport.lambda$withLogging$0(LoggingSupport.java:36)
at com.microsoft.playwright.impl.LoggingSupport.withLogging(LoggingSupport.java:47)
at com.microsoft.playwright.impl.ChannelOwner.withLogging(ChannelOwner.java:89)
at com.microsoft.playwright.impl.LoggingSupport.withLogging(LoggingSupport.java:35)
at com.microsoft.playwright.impl.FrameImpl.click(FrameImpl.java:243)
at com.microsoft.playwright.impl.LocatorImpl.click(LocatorImpl.java:160)
at com.microsoft.playwright.Locator.click(Locator.java:2406)
at Multiple_bid.lambda$1(Multiple_bid.java:150)
at com.microsoft.playwright.impl.ChannelOwner.runUntil(ChannelOwner.java:116)
at com.microsoft.playwright.impl.PageImpl.waitForEventWithTimeout(PageImpl.java:529)
at com.microsoft.playwright.impl.PageImpl.waitForPopupImpl(PageImpl.java:497)
at com.microsoft.playwright.impl.PageImpl.lambda$waitForPopup$4(PageImpl.java:490)
at com.microsoft.playwright.impl.WaitForEventLogger.lambda$get$0(WaitForEventLogger.java:50)
at com.microsoft.playwright.impl.LoggingSupport.withLogging(LoggingSupport.java:47)
at com.microsoft.playwright.impl.ChannelOwner.withLogging(ChannelOwner.java:89)
at com.microsoft.playwright.impl.WaitForEventLogger.get(WaitForEventLogger.java:41)
at com.microsoft.playwright.impl.ChannelOwner.withWaitLogging(ChannelOwner.java:82)
at com.microsoft.playwright.impl.PageImpl.waitForPopup(PageImpl.java:490)
at com.microsoft.playwright.Page.waitForPopup(Page.java:7795)
at Multiple_bid.OpenBrowser3(Multiple_bid.java:149)
at java.base/java.util.ArrayList.forEach(ArrayList.java:1597)
Caused by: com.microsoft.playwright.impl.TargetClosedError: Error {
  message='Target page, context or browser has been closed
  name='TargetClosedError
  stack='TargetClosedError:Target page, context or browser has been closed
Error
    at captureRawStack (C:\Users\Clss-35\AppData\Local\Temp\playwright-java-12206253625801418893\package\lib\utils\stackTrace.js:49:17)
    at LongStandingScope._race (C:\Users\Clss-35\AppData\Local\Temp\playwright-java-12206253625801418893\package\lib\utils\manualPromise.js:91:52)
    at LongStandingScope.race (C:\Users\Clss-35\AppData\Local\Temp\playwright-java-12206253625801418893\package\lib\utils\manualPromise.js:84:17)
    at C:\Users\Clss-35\AppData\Local\Temp\playwright-java-12206253625801418893\package\lib\utils\manualPromise.js:81:43
    at Array.map (<anonymous>)
    at LongStandingScope.raceMultiple (C:\Users\Clss-35\AppData\Local\Temp\playwright-java-12206253625801418893\package\lib\utils\manualPromise.js:81:32)
    at Frame.retryWithProgressAndTimeouts (C:\Users\Clss-35\AppData\Local\Temp\playwright-java-12206253625801418893\package\lib\server\frames.js:919:40)
    at async C:\Users\Clss-35\AppData\Local\Temp\playwright-java-12206253625801418893\package\lib\server\frames.js:1008:29
    at async ProgressController.run (C:\Users\Clss-35\AppData\Local\Temp\playwright-java-12206253625801418893\package\lib\server\progress.js:82:22)
    at async FrameDispatcher.click (C:\Users\Clss-35\AppData\Local\Temp\playwright-java-12206253625801418893\package\lib\server\dispatchers\frameDispatcher.js:157:12)
    at async LongStandingScope._race (C:\Users\Clss-35\AppData\Local\Temp\playwright-java-12206253625801418893\package\lib\utils\manualPromise.js:96:14)
    at async FrameDispatcher._handleCommand (C:\Users\Clss-35\AppData\Local\Temp\playwright-java-12206253625801418893\package\lib\server\dispatchers\dispatcher.js:96:14)
    at async DispatcherConnection.dispatch (C:\Users\Clss-35\AppData\Local\Temp\playwright-java-12206253625801418893\package\lib\server\dispatchers\dispatcher.js:361:22)
}
Call log:
- waiting for getByRole(AriaRole.LINK, new Page.GetByRoleOptions().setName("H7953"))

at com.microsoft.playwright.impl.Connection.dispatch(Connection.java:256)
at com.microsoft.playwright.impl.Connection.processOneMessage(Connection.java:211)
at com.microsoft.playwright.impl.ChannelOwner.runUntil(ChannelOwner.java:118)
... 55 more
... Removed 30 stack frames]]>
    </failure>
  </testcase> <!-- OpenBrowser3 -->
  <testcase classname="Multiple_bid" name="OpenBrowser4" time="2.569">
    <failure type="com.microsoft.playwright.impl.TargetClosedError" message="Error {
  message=&amp;apos;Target page, context or browser has been closed
  name=&amp;apos;TargetClosedError
  stack=&amp;apos;TargetClosedError:Target page, context or browser has been closed
Error
    at captureRawStack (C:\Users\Clss-35\AppData\Local\Temp\playwright-java-12206253625801418893\package\lib\utils\stackTrace.js:49:17)
    at LongStandingScope._race (C:\Users\Clss-35\AppData\Local\Temp\playwright-java-12206253625801418893\package\lib\utils\manualPromise.js:91:52)
    at LongStandingScope.race (C:\Users\Clss-35\AppData\Local\Temp\playwright-java-12206253625801418893\package\lib\utils\manualPromise.js:84:17)
    at FrameDispatcher._handleCommand (C:\Users\Clss-35\AppData\Local\Temp\playwright-java-12206253625801418893\package\lib\server\dispatchers\dispatcher.js:96:36)
    at DispatcherConnection.dispatch (C:\Users\Clss-35\AppData\Local\Temp\playwright-java-12206253625801418893\package\lib\server\dispatchers\dispatcher.js:361:39)
}
Call log:
- navigating to &amp;quot;https://concetto-web.jobalots.com/en/login?currency=eur&amp;quot;, waiting until &amp;quot;load&amp;quot;
">
      <![CDATA[com.microsoft.playwright.impl.TargetClosedError: Error {
  message='Target page, context or browser has been closed
  name='TargetClosedError
  stack='TargetClosedError:Target page, context or browser has been closed
Error
    at captureRawStack (C:\Users\Clss-35\AppData\Local\Temp\playwright-java-12206253625801418893\package\lib\utils\stackTrace.js:49:17)
    at LongStandingScope._race (C:\Users\Clss-35\AppData\Local\Temp\playwright-java-12206253625801418893\package\lib\utils\manualPromise.js:91:52)
    at LongStandingScope.race (C:\Users\Clss-35\AppData\Local\Temp\playwright-java-12206253625801418893\package\lib\utils\manualPromise.js:84:17)
    at FrameDispatcher._handleCommand (C:\Users\Clss-35\AppData\Local\Temp\playwright-java-12206253625801418893\package\lib\server\dispatchers\dispatcher.js:96:36)
    at DispatcherConnection.dispatch (C:\Users\Clss-35\AppData\Local\Temp\playwright-java-12206253625801418893\package\lib\server\dispatchers\dispatcher.js:361:39)
}
Call log:
- navigating to "https://concetto-web.jobalots.com/en/login?currency=eur", waiting until "load"

at com.microsoft.playwright.impl.WaitableResult.get(WaitableResult.java:54)
at com.microsoft.playwright.impl.ChannelOwner.runUntil(ChannelOwner.java:120)
at com.microsoft.playwright.impl.Connection.sendMessage(Connection.java:130)
at com.microsoft.playwright.impl.ChannelOwner.sendMessage(ChannelOwner.java:106)
at com.microsoft.playwright.impl.FrameImpl.navigateImpl(FrameImpl.java:463)
at com.microsoft.playwright.impl.PageImpl.lambda$navigate$46(PageImpl.java:932)
at com.microsoft.playwright.impl.LoggingSupport.withLogging(LoggingSupport.java:47)
at com.microsoft.playwright.impl.ChannelOwner.withLogging(ChannelOwner.java:89)
at com.microsoft.playwright.impl.PageImpl.navigate(PageImpl.java:932)
at com.microsoft.playwright.impl.PageImpl.navigate(PageImpl.java:42)
at com.microsoft.playwright.Page.navigate(Page.java:5446)
at Multiple_bid.OpenBrowser4(Multiple_bid.java:196)
at java.base/java.util.ArrayList.forEach(ArrayList.java:1597)
Caused by: com.microsoft.playwright.impl.TargetClosedError: Error {
  message='Target page, context or browser has been closed
  name='TargetClosedError
  stack='TargetClosedError:Target page, context or browser has been closed
Error
    at captureRawStack (C:\Users\Clss-35\AppData\Local\Temp\playwright-java-12206253625801418893\package\lib\utils\stackTrace.js:49:17)
    at LongStandingScope._race (C:\Users\Clss-35\AppData\Local\Temp\playwright-java-12206253625801418893\package\lib\utils\manualPromise.js:91:52)
    at LongStandingScope.race (C:\Users\Clss-35\AppData\Local\Temp\playwright-java-12206253625801418893\package\lib\utils\manualPromise.js:84:17)
    at FrameDispatcher._handleCommand (C:\Users\Clss-35\AppData\Local\Temp\playwright-java-12206253625801418893\package\lib\server\dispatchers\dispatcher.js:96:36)
    at DispatcherConnection.dispatch (C:\Users\Clss-35\AppData\Local\Temp\playwright-java-12206253625801418893\package\lib\server\dispatchers\dispatcher.js:361:39)
}
Call log:
- navigating to "https://concetto-web.jobalots.com/en/login?currency=eur", waiting until "load"

at com.microsoft.playwright.impl.Connection.dispatch(Connection.java:256)
at com.microsoft.playwright.impl.Connection.processOneMessage(Connection.java:211)
at com.microsoft.playwright.impl.ChannelOwner.runUntil(ChannelOwner.java:118)
... 41 more
... Removed 30 stack frames]]>
    </failure>
  </testcase> <!-- OpenBrowser4 -->
  <testcase classname="Multiple_bid" name="OpenBrowser5" time="1.715">
    <failure type="com.microsoft.playwright.PlaywrightException" message="Error {
  message=&amp;apos;net::ERR_ABORTED; maybe frame was detached?
  name=&amp;apos;Error
  stack=&amp;apos;Error: net::ERR_ABORTED; maybe frame was detached?
    at FrameManager.frameAbortedNavigation (C:\Users\Clss-35\AppData\Local\Temp\playwright-java-12206253625801418893\package\lib\server\frames.js:216:14)
    at FrameManager.requestFailed (C:\Users\Clss-35\AppData\Local\Temp\playwright-java-12206253625801418893\package\lib\server\frames.js:276:12)
    at CRNetworkManager._onLoadingFailed (C:\Users\Clss-35\AppData\Local\Temp\playwright-java-12206253625801418893\package\lib\server\chromium\crNetworkManager.js:517:134)
    at CRSession.emit (node:events:519:28)
    at C:\Users\Clss-35\AppData\Local\Temp\playwright-java-12206253625801418893\package\lib\server\chromium\crConnection.js:160:14
}
Call log:
- navigating to &amp;quot;https://concetto-web.jobalots.com/en/login?currency=eur&amp;quot;, waiting until &amp;quot;load&amp;quot;
">
      <![CDATA[com.microsoft.playwright.PlaywrightException: Error {
  message='net::ERR_ABORTED; maybe frame was detached?
  name='Error
  stack='Error: net::ERR_ABORTED; maybe frame was detached?
    at FrameManager.frameAbortedNavigation (C:\Users\Clss-35\AppData\Local\Temp\playwright-java-12206253625801418893\package\lib\server\frames.js:216:14)
    at FrameManager.requestFailed (C:\Users\Clss-35\AppData\Local\Temp\playwright-java-12206253625801418893\package\lib\server\frames.js:276:12)
    at CRNetworkManager._onLoadingFailed (C:\Users\Clss-35\AppData\Local\Temp\playwright-java-12206253625801418893\package\lib\server\chromium\crNetworkManager.js:517:134)
    at CRSession.emit (node:events:519:28)
    at C:\Users\Clss-35\AppData\Local\Temp\playwright-java-12206253625801418893\package\lib\server\chromium\crConnection.js:160:14
}
Call log:
- navigating to "https://concetto-web.jobalots.com/en/login?currency=eur", waiting until "load"

at com.microsoft.playwright.impl.WaitableResult.get(WaitableResult.java:56)
at com.microsoft.playwright.impl.ChannelOwner.runUntil(ChannelOwner.java:120)
at com.microsoft.playwright.impl.Connection.sendMessage(Connection.java:130)
at com.microsoft.playwright.impl.ChannelOwner.sendMessage(ChannelOwner.java:106)
at com.microsoft.playwright.impl.FrameImpl.navigateImpl(FrameImpl.java:463)
at com.microsoft.playwright.impl.PageImpl.lambda$navigate$46(PageImpl.java:932)
at com.microsoft.playwright.impl.LoggingSupport.withLogging(LoggingSupport.java:47)
at com.microsoft.playwright.impl.ChannelOwner.withLogging(ChannelOwner.java:89)
at com.microsoft.playwright.impl.PageImpl.navigate(PageImpl.java:932)
at com.microsoft.playwright.impl.PageImpl.navigate(PageImpl.java:42)
at com.microsoft.playwright.Page.navigate(Page.java:5446)
at Multiple_bid.OpenBrowser5(Multiple_bid.java:253)
at java.base/java.util.ArrayList.forEach(ArrayList.java:1597)
Caused by: com.microsoft.playwright.impl.DriverException: Error {
  message='net::ERR_ABORTED; maybe frame was detached?
  name='Error
  stack='Error: net::ERR_ABORTED; maybe frame was detached?
    at FrameManager.frameAbortedNavigation (C:\Users\Clss-35\AppData\Local\Temp\playwright-java-12206253625801418893\package\lib\server\frames.js:216:14)
    at FrameManager.requestFailed (C:\Users\Clss-35\AppData\Local\Temp\playwright-java-12206253625801418893\package\lib\server\frames.js:276:12)
    at CRNetworkManager._onLoadingFailed (C:\Users\Clss-35\AppData\Local\Temp\playwright-java-12206253625801418893\package\lib\server\chromium\crNetworkManager.js:517:134)
    at CRSession.emit (node:events:519:28)
    at C:\Users\Clss-35\AppData\Local\Temp\playwright-java-12206253625801418893\package\lib\server\chromium\crConnection.js:160:14
}
Call log:
- navigating to "https://concetto-web.jobalots.com/en/login?currency=eur", waiting until "load"

at com.microsoft.playwright.impl.Connection.dispatch(Connection.java:259)
at com.microsoft.playwright.impl.Connection.processOneMessage(Connection.java:211)
at com.microsoft.playwright.impl.ChannelOwner.runUntil(ChannelOwner.java:118)
... 41 more
... Removed 30 stack frames]]>
    </failure>
  </testcase> <!-- OpenBrowser5 -->
  <testcase classname="Multiple_bid" name="OpenBrowser6" time="2.059">
    <failure type="com.microsoft.playwright.PlaywrightException" message="Error {
  message=&amp;apos;net::ERR_ABORTED; maybe frame was detached?
  name=&amp;apos;Error
  stack=&amp;apos;Error: net::ERR_ABORTED; maybe frame was detached?
    at FrameManager.frameAbortedNavigation (C:\Users\Clss-35\AppData\Local\Temp\playwright-java-12206253625801418893\package\lib\server\frames.js:216:14)
    at FrameManager.requestFailed (C:\Users\Clss-35\AppData\Local\Temp\playwright-java-12206253625801418893\package\lib\server\frames.js:276:12)
    at CRNetworkManager._onLoadingFailed (C:\Users\Clss-35\AppData\Local\Temp\playwright-java-12206253625801418893\package\lib\server\chromium\crNetworkManager.js:517:134)
    at CRSession.emit (node:events:519:28)
    at C:\Users\Clss-35\AppData\Local\Temp\playwright-java-12206253625801418893\package\lib\server\chromium\crConnection.js:160:14
}
Call log:
- navigating to &amp;quot;https://concetto-web.jobalots.com/en/login?currency=eur&amp;quot;, waiting until &amp;quot;load&amp;quot;
">
      <![CDATA[com.microsoft.playwright.PlaywrightException: Error {
  message='net::ERR_ABORTED; maybe frame was detached?
  name='Error
  stack='Error: net::ERR_ABORTED; maybe frame was detached?
    at FrameManager.frameAbortedNavigation (C:\Users\Clss-35\AppData\Local\Temp\playwright-java-12206253625801418893\package\lib\server\frames.js:216:14)
    at FrameManager.requestFailed (C:\Users\Clss-35\AppData\Local\Temp\playwright-java-12206253625801418893\package\lib\server\frames.js:276:12)
    at CRNetworkManager._onLoadingFailed (C:\Users\Clss-35\AppData\Local\Temp\playwright-java-12206253625801418893\package\lib\server\chromium\crNetworkManager.js:517:134)
    at CRSession.emit (node:events:519:28)
    at C:\Users\Clss-35\AppData\Local\Temp\playwright-java-12206253625801418893\package\lib\server\chromium\crConnection.js:160:14
}
Call log:
- navigating to "https://concetto-web.jobalots.com/en/login?currency=eur", waiting until "load"

at com.microsoft.playwright.impl.WaitableResult.get(WaitableResult.java:56)
at com.microsoft.playwright.impl.ChannelOwner.runUntil(ChannelOwner.java:120)
at com.microsoft.playwright.impl.Connection.sendMessage(Connection.java:130)
at com.microsoft.playwright.impl.ChannelOwner.sendMessage(ChannelOwner.java:106)
at com.microsoft.playwright.impl.FrameImpl.navigateImpl(FrameImpl.java:463)
at com.microsoft.playwright.impl.PageImpl.lambda$navigate$46(PageImpl.java:932)
at com.microsoft.playwright.impl.LoggingSupport.withLogging(LoggingSupport.java:47)
at com.microsoft.playwright.impl.ChannelOwner.withLogging(ChannelOwner.java:89)
at com.microsoft.playwright.impl.PageImpl.navigate(PageImpl.java:932)
at com.microsoft.playwright.impl.PageImpl.navigate(PageImpl.java:42)
at com.microsoft.playwright.Page.navigate(Page.java:5446)
at Multiple_bid.OpenBrowser6(Multiple_bid.java:300)
at java.base/java.util.ArrayList.forEach(ArrayList.java:1597)
Caused by: com.microsoft.playwright.impl.DriverException: Error {
  message='net::ERR_ABORTED; maybe frame was detached?
  name='Error
  stack='Error: net::ERR_ABORTED; maybe frame was detached?
    at FrameManager.frameAbortedNavigation (C:\Users\Clss-35\AppData\Local\Temp\playwright-java-12206253625801418893\package\lib\server\frames.js:216:14)
    at FrameManager.requestFailed (C:\Users\Clss-35\AppData\Local\Temp\playwright-java-12206253625801418893\package\lib\server\frames.js:276:12)
    at CRNetworkManager._onLoadingFailed (C:\Users\Clss-35\AppData\Local\Temp\playwright-java-12206253625801418893\package\lib\server\chromium\crNetworkManager.js:517:134)
    at CRSession.emit (node:events:519:28)
    at C:\Users\Clss-35\AppData\Local\Temp\playwright-java-12206253625801418893\package\lib\server\chromium\crConnection.js:160:14
}
Call log:
- navigating to "https://concetto-web.jobalots.com/en/login?currency=eur", waiting until "load"

at com.microsoft.playwright.impl.Connection.dispatch(Connection.java:259)
at com.microsoft.playwright.impl.Connection.processOneMessage(Connection.java:211)
at com.microsoft.playwright.impl.ChannelOwner.runUntil(ChannelOwner.java:118)
... 41 more
... Removed 30 stack frames]]>
    </failure>
  </testcase> <!-- OpenBrowser6 -->
  <testcase classname="Multiple_bid" name="OpenBrowser2" time="0.0">
    <ignored/>
  </testcase> <!-- OpenBrowser2 -->
  <testcase classname="Multiple_bid" name="OpenBrowser1" time="0.0">
    <ignored/>
  </testcase> <!-- OpenBrowser1 -->
</testsuite> <!-- Surefire test -->
