<?xml version="1.0" encoding="UTF-8"?>
<!-- Generated by org.testng.reporters.JUnitXMLReporter -->
<testsuite ignored="0" hostname="DESKTOP-1MMARS9" failures="0" tests="6" name="Default test" time="119.377" errors="0" timestamp="2025-04-15T10:53:01 IST">
  <testcase classname="Multiple_bid" name="OpenBrowser1" time="13.365"/>
  <testcase classname="Multiple_bid" name="OpenBrowser2" time="19.222"/>
  <testcase classname="Multiple_bid" name="OpenBrowser3" time="26.061"/>
  <testcase classname="Multiple_bid" name="OpenBrowser4" time="17.649"/>
  <testcase classname="Multiple_bid" name="OpenBrowser5" time="23.754"/>
  <testcase classname="Multiple_bid" name="OpenBrowser6" time="19.267"/>
</testsuite> <!-- Default test -->
