<?xml version="1.0" encoding="UTF-8"?>
<!-- Generated by org.testng.reporters.JUnitXMLReporter -->
<testsuite ignored="0" hostname="DESKTOP-1MMARS9" failures="0" tests="6" name="Default test" time="164.971" errors="0" timestamp="2025-04-17T10:57:03 IST">
  <testcase classname="Multiple_bid" name="OpenBrowser1" time="21.964"/>
  <testcase classname="Multiple_bid" name="OpenBrowser2" time="20.055"/>
  <testcase classname="Multiple_bid" name="OpenBrowser3" time="29.113"/>
  <testcase classname="Multiple_bid" name="OpenBrowser4" time="20.386"/>
  <testcase classname="Multiple_bid" name="OpenBrowser5" time="54.06"/>
  <testcase classname="Multiple_bid" name="OpenBrowser6" time="19.337"/>
</testsuite> <!-- Default test -->
