<?xml version="1.0" encoding="UTF-8"?>
<testng-results ignored="0" total="1" passed="1" failed="0" skipped="0">
  <reporter-output>
  </reporter-output>
  <suite started-at="2024-09-03T11:20:02 IST" name="Suite" finished-at="2024-09-03T11:20:17 IST" duration-ms="14190">
    <groups>
    </groups>
    <test started-at="2024-09-03T11:20:02 IST" name="Test" finished-at="2024-09-03T11:20:17 IST" duration-ms="14190">
      <class name="PF">
        <test-method signature="OpenBrowser()[pri:0, instance:PF@5119fb47]" started-at="2024-09-03T11:20:03 IST" name="OpenBrowser" finished-at="2024-09-03T11:20:17 IST" duration-ms="14151" status="PASS">
          <reporter-output>
          </reporter-output>
        </test-method> <!-- OpenBrowser -->
      </class> <!-- PF -->
    </test> <!-- Test -->
  </suite> <!-- Suite -->
</testng-results>
