<?xml version="1.0" encoding="UTF-8"?>
<testng-results ignored="0" total="1" passed="1" failed="0" skipped="0">
  <reporter-output>
  </reporter-output>
  <suite started-at="2024-05-02T12:01:13 IST" name="Suite" finished-at="2024-05-02T12:01:20 IST" duration-ms="7475">
    <groups>
    </groups>
    <test started-at="2024-05-02T12:01:13 IST" name="Test" finished-at="2024-05-02T12:01:20 IST" duration-ms="7475">
      <class name="docker">
        <test-method signature="hpd()[pri:0, instance:docker@188715b5]" started-at="2024-05-02T12:01:13 IST" name="hpd" finished-at="2024-05-02T12:01:20 IST" duration-ms="7435" status="PASS">
          <reporter-output>
          </reporter-output>
        </test-method> <!-- hpd -->
      </class> <!-- docker -->
    </test> <!-- Test -->
  </suite> <!-- Suite -->
</testng-results>
