<?xml version="1.0" encoding="UTF-8"?>
<testng-results ignored="0" total="6" passed="6" failed="0" skipped="0">
  <reporter-output>
  </reporter-output>
  <suite started-at="2025-04-15T12:50:01 IST" name="Default suite" finished-at="2025-04-15T12:52:35 IST" duration-ms="153884">
    <groups>
    </groups>
    <test started-at="2025-04-15T12:50:01 IST" name="Default test" finished-at="2025-04-15T12:52:35 IST" duration-ms="153884">
      <class name="Multiple_bid">
        <test-method signature="OpenBrowser1()[pri:1, instance:Multiple_bid@28cda624]" started-at="2025-04-15T12:50:01 IST" name="OpenBrowser1" finished-at="2025-04-15T12:50:18 IST" duration-ms="17149" status="PASS">
          <reporter-output>
          </reporter-output>
        </test-method> <!-- OpenBrowser1 -->
        <test-method signature="OpenBrowser2()[pri:2, instance:Multiple_bid@28cda624]" started-at="2025-04-15T12:50:18 IST" name="OpenBrowser2" finished-at="2025-04-15T12:50:37 IST" duration-ms="19342" status="PASS">
          <reporter-output>
          </reporter-output>
        </test-method> <!-- OpenBrowser2 -->
        <test-method signature="OpenBrowser3()[pri:3, instance:Multiple_bid@28cda624]" started-at="2025-04-15T12:50:37 IST" name="OpenBrowser3" finished-at="2025-04-15T12:51:04 IST" duration-ms="26446" status="PASS">
          <reporter-output>
          </reporter-output>
        </test-method> <!-- OpenBrowser3 -->
        <test-method signature="OpenBrowser4()[pri:4, instance:Multiple_bid@28cda624]" started-at="2025-04-15T12:51:04 IST" name="OpenBrowser4" finished-at="2025-04-15T12:51:23 IST" duration-ms="19325" status="PASS">
          <reporter-output>
          </reporter-output>
        </test-method> <!-- OpenBrowser4 -->
        <test-method signature="OpenBrowser5()[pri:5, instance:Multiple_bid@28cda624]" started-at="2025-04-15T12:51:23 IST" name="OpenBrowser5" finished-at="2025-04-15T12:52:16 IST" duration-ms="52852" status="PASS">
          <reporter-output>
          </reporter-output>
        </test-method> <!-- OpenBrowser5 -->
        <test-method signature="OpenBrowser6()[pri:6, instance:Multiple_bid@28cda624]" started-at="2025-04-15T12:52:16 IST" name="OpenBrowser6" finished-at="2025-04-15T12:52:35 IST" duration-ms="18694" status="PASS">
          <reporter-output>
          </reporter-output>
        </test-method> <!-- OpenBrowser6 -->
      </class> <!-- Multiple_bid -->
    </test> <!-- Default test -->
  </suite> <!-- Default suite -->
</testng-results>
